<?xml version="1.0" encoding="UTF-8"?>
<!-- Generated by org.testng.reporters.JUnitReportReporter -->
<testsuite hostname="viki" name="javatutorial.FirstTest" tests="1" failures="0" timestamp="9 Nov 2016 17:30:36 GMT" time="0.009" errors="0">
  <testcase name="f" time="0.009" classname="javatutorial.FirstTest"/>
</testsuite> <!-- javatutorial.FirstTest -->
